Determining if the pthread_create exist failed with the following output:
Change Dir: /home/bboo/Wait-Bot-X/build/CMakeFiles/CMakeTmp

Run Build Command:"/usr/bin/make" "cmTC_fd36e/fast"
/usr/bin/make -f CMakeFiles/cmTC_fd36e.dir/build.make CMakeFiles/cmTC_fd36e.dir/build
make[1]: Entering directory '/home/bboo/Wait-Bot-X/build/CMakeFiles/CMakeTmp'
Building C object CMakeFiles/cmTC_fd36e.dir/CheckSymbolExists.c.o
/usr/bin/cc    -o CMakeFiles/cmTC_fd36e.dir/CheckSymbolExists.c.o   -c /home/bboo/Wait-Bot-X/build/CMakeFiles/CMakeTmp/CheckSymbolExists.c
Linking C executable cmTC_fd36e
/usr/bin/cmake -E cmake_link_script CMakeFiles/cmTC_fd36e.dir/link.txt --verbose=1
/usr/bin/cc      -rdynamic CMakeFiles/cmTC_fd36e.dir/CheckSymbolExists.c.o  -o cmTC_fd36e 
CMakeFiles/cmTC_fd36e.dir/CheckSymbolExists.c.o: In function `main':
CheckSymbolExists.c:(.text+0x1b): undefined reference to `pthread_create'
collect2: error: ld returned 1 exit status
CMakeFiles/cmTC_fd36e.dir/build.make:97: recipe for target 'cmTC_fd36e' failed
make[1]: *** [cmTC_fd36e] Error 1
make[1]: Leaving directory '/home/bboo/Wait-Bot-X/build/CMakeFiles/CMakeTmp'
Makefile:126: recipe for target 'cmTC_fd36e/fast' failed
make: *** [cmTC_fd36e/fast] Error 2

File /home/bboo/Wait-Bot-X/build/CMakeFiles/CMakeTmp/CheckSymbolExists.c:
/* */
#include <pthread.h>

int main(int argc, char** argv)
{
  (void)argv;
#ifndef pthread_create
  return ((int*)(&pthread_create))[argc];
#else
  (void)argc;
  return 0;
#endif
}

Determining if the function pthread_create exists in the pthreads failed with the following output:
Change Dir: /home/bboo/Wait-Bot-X/build/CMakeFiles/CMakeTmp

Run Build Command:"/usr/bin/make" "cmTC_b4fdb/fast"
/usr/bin/make -f CMakeFiles/cmTC_b4fdb.dir/build.make CMakeFiles/cmTC_b4fdb.dir/build
make[1]: Entering directory '/home/bboo/Wait-Bot-X/build/CMakeFiles/CMakeTmp'
Building C object CMakeFiles/cmTC_b4fdb.dir/CheckFunctionExists.c.o
/usr/bin/cc   -DCHECK_FUNCTION_EXISTS=pthread_create   -o CMakeFiles/cmTC_b4fdb.dir/CheckFunctionExists.c.o   -c /usr/share/cmake-3.10/Modules/CheckFunctionExists.c
Linking C executable cmTC_b4fdb
/usr/bin/cmake -E cmake_link_script CMakeFiles/cmTC_b4fdb.dir/link.txt --verbose=1
/usr/bin/cc  -DCHECK_FUNCTION_EXISTS=pthread_create    -rdynamic CMakeFiles/cmTC_b4fdb.dir/CheckFunctionExists.c.o  -o cmTC_b4fdb -lpthreads 
/usr/bin/ld: cannot find -lpthreads
collect2: error: ld returned 1 exit status
CMakeFiles/cmTC_b4fdb.dir/build.make:97: recipe for target 'cmTC_b4fdb' failed
make[1]: *** [cmTC_b4fdb] Error 1
make[1]: Leaving directory '/home/bboo/Wait-Bot-X/build/CMakeFiles/CMakeTmp'
Makefile:126: recipe for target 'cmTC_b4fdb/fast' failed
make: *** [cmTC_b4fdb/fast] Error 2


